\BOOKMARK [1][]{section.1}{\376\377\000I\000n\000t\000r\000o\000d\000u\000c\000t\000i\000o\000n}{}% 1
\BOOKMARK [1][]{section.2}{\376\377\000R\000e\000l\000a\000t\000e\000d\000\040\000W\000o\000r\000k}{}% 2
\BOOKMARK [2][]{subsection.2.1}{\376\377\000V\000i\000s\000i\000o\000n\000\040\000T\000r\000a\000n\000s\000f\000o\000r\000m\000e\000r\000s\000\040\000\050\000V\000i\000T\000\051}{section.2}% 3
\BOOKMARK [2][]{subsection.2.2}{\376\377\000C\000o\000n\000t\000r\000a\000s\000t\000i\000v\000e\000\040\000V\000i\000s\000i\000o\000n\040\023\000L\000a\000n\000g\000u\000a\000g\000e\000\040\000M\000o\000d\000e\000l\000s\000\040\000\050\000C\000L\000I\000P\000\051}{section.2}% 4
\BOOKMARK [2][]{subsection.2.3}{\376\377\000F\000i\000n\000e\000-\000T\000u\000n\000i\000n\000g\000\040\000a\000n\000d\000\040\000F\000e\000a\000t\000u\000r\000e\000\040\000D\000i\000s\000t\000o\000r\000t\000i\000o\000n}{section.2}% 5
\BOOKMARK [2][]{subsection.2.4}{\376\377\000L\000o\000w\000-\000R\000a\000n\000k\000\040\000A\000d\000a\000p\000t\000a\000t\000i\000o\000n\000\040\000\050\000L\000o\000R\000A\000\051}{section.2}% 6
\BOOKMARK [2][]{subsection.2.5}{\376\377\000A\000t\000t\000e\000n\000t\000i\000o\000n\000\040\000A\000n\000a\000l\000y\000s\000i\000s\000\040\000a\000n\000d\000\040\000I\000n\000t\000e\000r\000p\000r\000e\000t\000a\000b\000i\000l\000i\000t\000y}{section.2}% 7
\BOOKMARK [1][]{section.3}{\376\377\000M\000a\000t\000e\000r\000i\000a\000l\000s\000\040\000a\000n\000d\000\040\000M\000e\000t\000h\000o\000d\000s}{}% 8
\BOOKMARK [2][]{subsection.3.1}{\376\377\000P\000r\000o\000b\000l\000e\000m\000\040\000F\000o\000r\000m\000u\000l\000a\000t\000i\000o\000n}{section.3}% 9
\BOOKMARK [2][]{subsection.3.2}{\376\377\000S\000t\000r\000u\000c\000t\000u\000r\000a\000l\000\040\000M\000e\000t\000r\000i\000c\000s}{section.3}% 10
\BOOKMARK [3][]{subsubsection.3.2.1}{\376\377\000A\000t\000t\000e\000n\000t\000i\000o\000n\000\040\000E\000n\000t\000r\000o\000p\000y}{subsection.3.2}% 11
\BOOKMARK [3][]{subsubsection.3.2.2}{\376\377\000E\000f\000f\000e\000c\000t\000i\000v\000e\000\040\000R\000e\000c\000e\000p\000t\000i\000v\000e\000\040\000F\000i\000e\000l\000d\000\040\000\050\000E\000R\000F\000@\0000\000.\0009\0005\000\051}{subsection.3.2}% 12
\BOOKMARK [3][]{subsubsection.3.2.3}{\376\377\000G\000i\000n\000i\000\040\000C\000o\000n\000c\000e\000n\000t\000r\000a\000t\000i\000o\000n}{subsection.3.2}% 13
\BOOKMARK [3][]{subsubsection.3.2.4}{\376\377\000H\000e\000a\000d\000\040\000D\000i\000v\000e\000r\000s\000i\000t\000y}{subsection.3.2}% 14
\BOOKMARK [2][]{subsection.3.3}{\376\377\000A\000d\000d\000i\000t\000i\000o\000n\000a\000l\000\040\000V\000a\000l\000i\000d\000a\000t\000i\000o\000n\000\040\000M\000e\000t\000r\000i\000c\000s}{section.3}% 15
\BOOKMARK [2][]{subsection.3.4}{\376\377\000E\000x\000p\000e\000r\000i\000m\000e\000n\000t\000a\000l\000\040\000S\000e\000t\000u\000p}{section.3}% 16
\BOOKMARK [2][]{subsection.3.5}{\376\377\000S\000t\000a\000t\000i\000s\000t\000i\000c\000a\000l\000\040\000A\000n\000a\000l\000y\000s\000i\000s}{section.3}% 17
\BOOKMARK [1][]{section.4}{\376\377\000R\000e\000s\000u\000l\000t\000s}{}% 18
\BOOKMARK [2][]{subsection.4.1}{\376\377\000O\000v\000e\000r\000a\000l\000l\000\040\000C\000o\000m\000p\000a\000r\000i\000s\000o\000n\000\040\000o\000f\000\040\000A\000d\000a\000p\000t\000a\000t\000i\000o\000n\000\040\000R\000e\000g\000i\000m\000e\000s}{section.4}% 19
\BOOKMARK [2][]{subsection.4.2}{\376\377\000S\000t\000a\000t\000i\000s\000t\000i\000c\000a\000l\000\040\000E\000v\000i\000d\000e\000n\000c\000e\000\040\000a\000n\000d\000\040\000L\000a\000y\000e\000r\000w\000i\000s\000e\000\040\000P\000a\000t\000t\000e\000r\000n\000s}{section.4}% 20
\BOOKMARK [2][]{subsection.4.3}{\376\377\000I\000m\000p\000a\000c\000t\000\040\000o\000f\000\040\000L\000e\000a\000r\000n\000i\000n\000g\000\040\000R\000a\000t\000e\000\040\000o\000n\000\040\000S\000t\000r\000u\000c\000t\000u\000r\000a\000l\000\040\000D\000y\000n\000a\000m\000i\000c\000s}{section.4}% 21
\BOOKMARK [2][]{subsection.4.4}{\376\377\000R\000e\000g\000u\000l\000a\000r\000i\000z\000a\000t\000i\000o\000n\000\040\000a\000n\000d\000\040\000T\000r\000a\000i\000n\000i\000n\000g\000\040\000D\000y\000n\000a\000m\000i\000c\000s}{section.4}% 22
\BOOKMARK [2][]{subsection.4.5}{\376\377\000A\000u\000x\000i\000l\000i\000a\000r\000y\000\040\000S\000t\000r\000u\000c\000t\000u\000r\000a\000l\000\040\000V\000a\000l\000i\000d\000a\000t\000i\000o\000n}{section.4}% 23
\BOOKMARK [2][]{subsection.4.6}{\376\377\000Z\000e\000r\000o\000-\000S\000h\000o\000t\000\040\000T\000r\000a\000n\000s\000f\000e\000r\000:\000\040\000E\000v\000i\000d\000e\000n\000c\000e\000\040\000a\000n\000d\000\040\000C\000a\000v\000e\000a\000t\000s}{section.4}% 24
\BOOKMARK [1][]{section.5}{\376\377\000D\000i\000s\000c\000u\000s\000s\000i\000o\000n}{}% 25
\BOOKMARK [1][]{section.6}{\376\377\000C\000o\000n\000c\000l\000u\000s\000i\000o\000n\000s}{}% 26
\BOOKMARK [1][]{section.7}{\376\377\000R\000e\000f\000e\000r\000e\000n\000c\000e\000s}{}% 27
